090733 STARTING Phase 3 Step 1: Create test server
       WILL DO: Create internal/html/testserver_test.go with server on port 3000
       EXPECT: Test server serves streaming HTML at / and session.log at /session.log

090809 COMPLETED Phase 3 Step 1: Create test server
       OBSERVED: Created internal/html/testserver_test.go
       GOT: File compiles successfully, skips by default, runs with RUN_STREAMING_SERVER=1
       STATUS: Step 1 complete

090809 STARTING Phase 3 Step 2: Manual browser verification
       WILL DO: Start test server, open browser, verify streaming behavior
       EXPECT: 
         - Browser shows "Loading..." initially
         - Content renders progressively
         - No header/footer visible
         - No JavaScript console errors

091039 COMPLETED Phase 3 Step 2: Manual browser verification
       OBSERVED: Browser loaded http://172.18.0.6:3000/ via Go test server
       GOT:
         - [PASS] Page title: "Streaming Test"
         - [PASS] Header stripping: "Script started on" NOT found (hasScriptStarted: false)
         - [PASS] Footer stripping: "Script done on" NOT found (hasScriptDone: false)
         - [PASS] Loading indicator hidden after content loaded (hasLoading: false)
         - [PASS] Content rendered: 122KB text
         - [PASS] No JavaScript console errors
         - [PASS] Footer link shows "generated by record-tui x test"
       STATUS: Phase 3 verification PASSED
