091119 STARTING Phase 4 Step 1: Add loading indicator to embedded HTML template
       WILL DO: Modify internal/html/template.go to show "Loading..." before base64 parsing
       EXPECT: Loading indicator visible before heavy JS processing

091222 COMPLETED Phase 4 Step 1: Add loading indicator to embedded HTML template
       OBSERVED: Modified internal/html/template.go to add loading div and hide it before xterm.write
       GOT: 
         - Added #loading CSS styles
         - Added <div id="loading">Loading...</div> before terminal div
         - Added document.getElementById('loading').style.display = 'none' before xterm.write
         - New test TestRenderPlaybackHTML_ContainsLoadingIndicator passes
       STATUS: Step 1 complete

091222 STARTING Phase 4 Step 2: Update README.md
       WILL DO: Document RenderStreamingHTML() in Library Usage section
       EXPECT: README explains both modes with code examples

091300 COMPLETED Phase 4 Step 2: Update README.md
       OBSERVED: Added Streaming Mode section with code example and comparison table
       GOT: README now documents both RenderHTML and RenderStreamingHTML with usage guidance
       STATUS: Step 2 complete

091300 STARTING Phase 4 Step 3: Run final tests
       WILL DO: Run make test to verify everything passes
       EXPECT: All tests pass, no regression

091325 COMPLETED Phase 4 Step 3: Run final tests
       OBSERVED: go test ./... runs successfully
       GOT: 
         - internal/html: PASS
         - internal/record: PASS
         - internal/session: PASS
         - playback: PASS
       STATUS: All tests pass, Phase 4 complete, TASK COMPLETE
